c:\users\harry\onedrive\documents\fourth year\oopc++\final project\final project\debug\vc142.pdb
c:\users\harry\onedrive\documents\fourth year\oopc++\final project\final project\debug\vc142.idb
c:\users\harry\onedrive\documents\fourth year\oopc++\final project\final project\debug\queen.obj
c:\users\harry\onedrive\documents\fourth year\oopc++\final project\final project\debug\final project.obj
c:\users\harry\onedrive\documents\fourth year\oopc++\final project\final project\debug\board.obj
c:\users\harry\onedrive\documents\fourth year\oopc++\final project\final project\debug\pawn.obj
c:\users\harry\onedrive\documents\fourth year\oopc++\final project\final project\debug\rook.obj
c:\users\harry\onedrive\documents\fourth year\oopc++\final project\final project\debug\knight.obj
c:\users\harry\onedrive\documents\fourth year\oopc++\final project\final project\debug\king.obj
c:\users\harry\onedrive\documents\fourth year\oopc++\final project\final project\debug\bishop.obj
c:\users\harry\onedrive\documents\fourth year\oopc++\final project\final project\debug\moves.obj
c:\users\harry\onedrive\documents\fourth year\oopc++\final project\final project\debug\game fucntions.obj
c:\users\harry\onedrive\documents\fourth year\oopc++\final project\final project\debug\game.obj
c:\users\harry\onedrive\documents\fourth year\oopc++\final project\debug\final project.exe
c:\users\harry\onedrive\documents\fourth year\oopc++\final project\debug\final project.ilk
c:\users\harry\onedrive\documents\fourth year\oopc++\final project\debug\final project.pdb
c:\users\harry\onedrive\documents\fourth year\oopc++\final project\final project\debug\bishop.new.obj.enc
c:\users\harry\onedrive\documents\fourth year\oopc++\final project\final project\debug\board.new.obj.enc
c:\users\harry\onedrive\documents\fourth year\oopc++\final project\final project\debug\final project.new.obj.enc
c:\users\harry\onedrive\documents\fourth year\oopc++\final project\final project\debug\king.new.obj.enc
c:\users\harry\onedrive\documents\fourth year\oopc++\final project\final project\debug\knight.new.obj.enc
c:\users\harry\onedrive\documents\fourth year\oopc++\final project\final project\debug\moves.new.obj.enc
c:\users\harry\onedrive\documents\fourth year\oopc++\final project\final project\debug\pawn.new.obj.enc
c:\users\harry\onedrive\documents\fourth year\oopc++\final project\final project\debug\queen.new.obj.enc
c:\users\harry\onedrive\documents\fourth year\oopc++\final project\final project\debug\rook.new.obj.enc
c:\users\harry\onedrive\documents\fourth year\oopc++\final project\final project\debug\final project.tlog\cl.command.1.tlog
c:\users\harry\onedrive\documents\fourth year\oopc++\final project\final project\debug\final project.tlog\cl.read.1.tlog
c:\users\harry\onedrive\documents\fourth year\oopc++\final project\final project\debug\final project.tlog\cl.write.1.tlog
c:\users\harry\onedrive\documents\fourth year\oopc++\final project\final project\debug\final project.tlog\link.command.1.tlog
c:\users\harry\onedrive\documents\fourth year\oopc++\final project\final project\debug\final project.tlog\link.read.1.tlog
c:\users\harry\onedrive\documents\fourth year\oopc++\final project\final project\debug\final project.tlog\link.write.1.tlog
